c:\users\erich\desktop\siemens\generator\generator\debug\generator.pch
c:\users\erich\desktop\siemens\generator\generator\debug\vc142.pdb
c:\users\erich\desktop\siemens\generator\generator\debug\vc142.idb
c:\users\erich\desktop\siemens\generator\generator\debug\pch.obj
c:\users\erich\desktop\siemens\generator\generator\debug\generator.obj
c:\users\erich\desktop\siemens\generator\generator\debug\dllmain.obj
c:\users\erich\desktop\siemens\generator\debug\generator.lib
c:\users\erich\desktop\siemens\generator\debug\generator.exp
c:\users\erich\desktop\siemens\generator\debug\generator.dll
c:\users\erich\desktop\siemens\generator\generator\debug\generator.ilk
c:\users\erich\desktop\siemens\generator\debug\generator.pdb
c:\users\erich\desktop\siemens\generator\generator\debug\generator.tlog\cl.command.1.tlog
c:\users\erich\desktop\siemens\generator\generator\debug\generator.tlog\cl.read.1.tlog
c:\users\erich\desktop\siemens\generator\generator\debug\generator.tlog\cl.write.1.tlog
c:\users\erich\desktop\siemens\generator\generator\debug\generator.tlog\generator.write.1u.tlog
c:\users\erich\desktop\siemens\generator\generator\debug\generator.tlog\link.10404.delete.1.tlog
c:\users\erich\desktop\siemens\generator\generator\debug\generator.tlog\link.12064.delete.1.tlog
c:\users\erich\desktop\siemens\generator\generator\debug\generator.tlog\link.13556.delete.1.tlog
c:\users\erich\desktop\siemens\generator\generator\debug\generator.tlog\link.14584.delete.1.tlog
c:\users\erich\desktop\siemens\generator\generator\debug\generator.tlog\link.18588.delete.1.tlog
c:\users\erich\desktop\siemens\generator\generator\debug\generator.tlog\link.25048.delete.1.tlog
c:\users\erich\desktop\siemens\generator\generator\debug\generator.tlog\link.5076.delete.1.tlog
c:\users\erich\desktop\siemens\generator\generator\debug\generator.tlog\link.6884.delete.1.tlog
c:\users\erich\desktop\siemens\generator\generator\debug\generator.tlog\link.command.1.tlog
c:\users\erich\desktop\siemens\generator\generator\debug\generator.tlog\link.read.1.tlog
c:\users\erich\desktop\siemens\generator\generator\debug\generator.tlog\link.write.1.tlog
